
Running configuration BROADCAST30, run #0...
Assigned runID=BROADCAST30-0-20220215-11:14:09-13112
Setting up network "scenario"...
Initializing...

Running simulation...
[WARN]	[Client0] (0,0) inviato a 0
[WARN]	[Client0](0,0) deliverato a 16.255707035982
[WARN]	[Client1](0,0) deliverato a 16.5168074044
[WARN]	[Client2](0,0) deliverato a 17.053246504714
[WARN]	[Client3](0,0) deliverato a 17.138426716516
[WARN]	[Client4](0,0) deliverato a 17.903547112034
[WARN]	[Client5](0,0) deliverato a 18.068533226112
[WARN]	[Client6](0,0) deliverato a 18.811692502212
[WARN]	[Client7](0,0) deliverato a 18.895175884885
[WARN]	[Client8](0,0) deliverato a 19.453136638083
[WARN]	[Client9](0,0) deliverato a 19.984698880582
[WARN]	[Client10](0,0) deliverato a 20.021720884425
[WARN]	[Client11](0,0) deliverato a 20.769787536852
[WARN]	[Client12](0,0) deliverato a 21.041814271065
[WARN]	[Client13](0,0) deliverato a 21.408961095615
[WARN]	[Client14](0,0) deliverato a 22.139900760522
[WARN]	[Client15](0,0) deliverato a 22.146739661122
[WARN]	[Client16](0,0) deliverato a 22.871215505722
[WARN]	[Client17](0,0) deliverato a 23.288528656147
[WARN]	[Client18](0,0) deliverato a 23.66447091513
[WARN]	[Client19](0,0) deliverato a 23.922085921077
[WARN]	[Client20](0,0) deliverato a 24.7384224792
[WARN]	[Client21](0,0) deliverato a 24.847327780266
[WARN]	[Client22](0,0) deliverato a 25.108832029785
[WARN]	[Client23](0,0) deliverato a 25.255916874294
[WARN]	[Client24](0,0) deliverato a 26.210352442274
[WARN]	[Client25](0,0) deliverato a 26.242500640156
[WARN]	[Client26](0,0) deliverato a 26.569307508163
[WARN]	[Client27](0,0) deliverato a 27.48412089529
[WARN]	[Client0] (0,1) inviato a 100.390023499252
[WARN]	[Client0] (0,2) inviato a 200.494549394208
[WARN]	[Client0] (0,3) inviato a 300.418515579699
[WARN]	[Client0] (0,4) inviato a 400.453404339732
[WARN]	[Client0] (0,5) inviato a 500.376314584796
[WARN]	[Client0] (0,6) inviato a 600.427390362255
[WARN]	[Client0] (0,7) inviato a 700.374550614948
[WARN]	[Client0] (0,8) inviato a 800.449931333354
[WARN]	[Client0] (0,9) inviato a 900.304852443007
[WARN]	[Client0] (0,10) inviato a 1000.452763451033
[WARN]	[Client0] (0,11) inviato a 1100.375899533067
[WARN]	[Client0] (0,12) inviato a 1200.38782616657
[WARN]	[Client0] (0,13) inviato a 1300.494006164739
[WARN]	[Client0] (0,14) inviato a 1400.302581865902
[WARN]	[Client0] (0,15) inviato a 1500.33165990173
[WARN]	[Client0] (0,16) inviato a 1600.462694174017
[WARN]	[Client0] (0,17) inviato a 1700.427756584368
[WARN]	[Client0] (0,18) inviato a 1800.31561937315
[WARN]	[Client0] (0,19) inviato a 1900.363063447981
[WARN]	[Client0] (0,20) inviato a 2000.389095736564
[WARN]	[Client0] (0,21) inviato a 2100.355000457778
[WARN]	[Client0] (0,22) inviato a 2200.317981505783
[WARN]	[Client0] (0,23) inviato a 2300.315186010315
[WARN]	[Client0] (0,24) inviato a 2400.493542283395
[WARN]	[Client0] (0,25) inviato a 2500.313696707053
[WARN]	[Client0] (0,26) inviato a 2600.328571428571
[WARN]	[Client0] (0,27) inviato a 2700.493682668538
[WARN]	[Client0] (0,28) inviato a 2800.432444227424
[WARN]	[Client0] (0,29) inviato a 2900.380111087374
[WARN]	[Client0] (0,30) inviato a 3000.489556566057
[WARN]	[Client0] (0,31) inviato a 3100.426480910672
[WARN]	[Client0] (0,32) inviato a 3200.335096285897
[WARN]	[Client0] (0,33) inviato a 3300.343043305765
[WARN]	[Client0] (0,34) inviato a 3400.421829889828
[WARN]	[Client0] (0,35) inviato a 3500.450541703543
[WARN]	[Client0] (0,36) inviato a 3600.37162694174
[WARN]	[Client0] (0,37) inviato a 3700.403024384289
[WARN]	[Client0] (0,38) inviato a 3800.405514694662
[WARN]	[Client0] (0,39) inviato a 3900.32354197821
[WARN]	[Client0] (0,40) inviato a 4000.34599139378
[WARN]	[Client0] (0,41) inviato a 4100.496551408429
[WARN]	[Client0] (0,42) inviato a 4200.385384685812
[WARN]	[Client0] (0,43) inviato a 4300.460606707968
[WARN]	[Client0] (0,44) inviato a 4400.313916440321
[WARN]	[Client0] (0,45) inviato a 4500.445304727317
[WARN]	[Client0] (0,46) inviato a 4600.401364177374
[WARN]	[Client0] (0,47) inviato a 4700.396023438215
[WARN]	[Client0] (0,48) inviato a 4800.425888851588
[WARN]	[Client0] (0,49) inviato a 4900.330359813227
[WARN]	[Client0] (0,50) inviato a 5000.443980224006
[WARN]	[Client0] (0,51) inviato a 5100.469963682974
[WARN]	[Client0] (0,52) inviato a 5200.395095675527
[WARN]	[Client0] (0,53) inviato a 5300.491430402539
[WARN]	[Client0] (0,54) inviato a 5400.334852137822
[WARN]	[Client0] (0,55) inviato a 5500.34019287698
[WARN]	[Client0] (0,56) inviato a 5600.390444654683
[WARN]	[Client0] (0,57) inviato a 5700.351020844142
[WARN]	[Client0] (0,58) inviato a 5800.432132938627
[WARN]	[Client0] (0,59) inviato a 5900.318823816645
[WARN]	[Client0] (0,60) inviato a 6000.354463332011
[WARN]	[Client0] (0,61) inviato a 6100.463744010743
[WARN]	[Client0] (0,62) inviato a 6200.361006500443
[WARN]	[Client0] (0,63) inviato a 6300.333991515854
[WARN]	[Client0] (0,64) inviato a 6400.34634540849
[WARN]	[Client0] (0,65) inviato a 6500.390450758385
[WARN]	[Client0] (0,66) inviato a 6600.369130527665
[WARN]	[Client0] (0,67) inviato a 6700.316577654347
[WARN]	[Client0] (0,68) inviato a 6800.309839167455
[WARN]	[Client0] (0,69) inviato a 6900.397500534074
[WARN]	[Client0] (0,70) inviato a 7000.307110812708
[WARN]	[Client0] (0,71) inviato a 7100.411972411267
[WARN]	[Client0] (0,72) inviato a 7200.466295358135
[WARN]	[Client0] (0,73) inviato a 7300.38096560564
[WARN]	[Client0] (0,74) inviato a 7400.434012878811
[WARN]	[Client0] (0,75) inviato a 7500.416727195044
[WARN]	[Client0] (0,76) inviato a 7600.332551042207
[WARN]	[Client0] (0,77) inviato a 7700.415848261971
[WARN]	[Client0] (0,78) inviato a 7800.447740104373
[WARN]	[Client0] (0,79) inviato a 7900.440336313974
[WARN]	[Client0] (0,80) inviato a 8000.363997314371
[WARN]	[Client0] (0,81) inviato a 8100.330280465102
[WARN]	[Client0] (0,82) inviato a 8200.340583513901
[WARN]	[Client0] (0,83) inviato a 8300.39191564684
[WARN]	[Client0] (0,84) inviato a 8400.422452467421
[WARN]	[Client0] (0,85) inviato a 8500.30479750969
[WARN]	[Client0] (0,86) inviato a 8600.479686880093
[WARN]	[Client0] (0,87) inviato a 8700.491943113498
[WARN]	[Client0] (0,88) inviato a 8800.469194616535
[WARN]	[Client0] (0,89) inviato a 8900.496502578814
[WARN]	[Client0] (0,90) inviato a 9000.312439344462
[WARN]	[Client0] (0,91) inviato a 9100.408944975127
[WARN]	[Client0] (0,92) inviato a 9200.482903530992
[WARN]	[Client0] (0,93) inviato a 9300.488293099765
[WARN]	[Client0] (0,94) inviato a 9400.497051911985
[WARN]	[Client0] (0,95) inviato a 9500.421262245552
[WARN]	[Client0] (0,96) inviato a 9600.402627643666
[WARN]	[Client0] (0,97) inviato a 9700.363100070193
[WARN]	[Client0] (0,98) inviato a 9800.457921079134
[WARN]	[Client0] (0,99) inviato a 9900.403738517411
[WARN]	[Client0] (0,100) inviato a 10000.495776238289
[WARN]	[Client0] (0,101) inviato a 10100.403115939817
[WARN]	[Client0] (0,102) inviato a 10200.366176335948
[WARN]	[Client0] (0,103) inviato a 10300.439432966094
[WARN]	[Client0] (0,104) inviato a 10400.351057466353
[WARN]	[Client0] (0,105) inviato a 10500.413974425489
[WARN]	[Client0] (0,106) inviato a 10600.345118564409
[WARN]	[Client0] (0,107) inviato a 10700.456370738853
[WARN]	[Client0] (0,108) inviato a 10800.496472060305
[WARN]	[Client0] (0,109) inviato a 10900.473992126225
[WARN]	[Client0] (0,110) inviato a 11000.300689718314
[WARN]	[Client0] (0,111) inviato a 11100.489220862453
[WARN]	[Client0] (0,112) inviato a 11200.442265083773
[WARN]	[Client0] (0,113) inviato a 11300.308380382702
[WARN]	[Client0] (0,114) inviato a 11400.376931058687
[WARN]	[Client0] (0,115) inviato a 11500.366048158208
[WARN]	[Client0] (0,116) inviato a 11600.348896755882
[WARN]	[Client0] (0,117) inviato a 11700.488494521928
[WARN]	[Client0] (0,118) inviato a 11800.436472670675
[WARN]	[Client0] (0,119) inviato a 11900.420029297769
[WARN]	[Client0] (0,120) inviato a 12000.320026245918
[WARN]	[Client0] (0,121) inviato a 12100.455998413038
[WARN]	[Client0] (0,122) inviato a 12200.365981017487
[WARN]	[Client0] (0,123) inviato a 12300.426139103366
[WARN]	[Client0] (0,124) inviato a 12400.320477919858
[WARN]	[Client0] (0,125) inviato a 12500.372115237892
[WARN]	[Client0] (0,126) inviato a 12600.406662190619
[WARN]	[Client0] (0,127) inviato a 12700.362904751732
[WARN]	[Client0] (0,128) inviato a 12800.319177831355
[WARN]	[Client0] (0,129) inviato a 12900.391860713523
[WARN]	[Client0] (0,130) inviato a 13000.309680471206
[WARN]	[Client0] (0,131) inviato a 13100.399124118778
[WARN]	[Client0] (0,132) inviato a 13200.457164220099
[WARN]	[Client0] (0,133) inviato a 13300.36322214423
[WARN]	[Client0] (0,134) inviato a 13400.31668141728
[WARN]	[Client0] (0,135) inviato a 13500.305542161321
[WARN]	[Client0] (0,136) inviato a 13600.440525528733
[WARN]	[Client0] (0,137) inviato a 13700.351417584765
[WARN]	[Client0] (0,138) inviato a 13800.365211951048
[WARN]	[Client0] (0,139) inviato a 13900.491644032105
[WARN]	[Client0] (0,140) inviato a 14000.358394116031
[WARN]	[Client0] (0,141) inviato a 14100.388088625752
[WARN]	[Client0] (0,142) inviato a 14200.319208349864
[WARN]	[Client0] (0,143) inviato a 14300.46727805414
[WARN]	[Client0] (0,144) inviato a 14400.325904110843
[WARN]	[Client0] (0,145) inviato a 14500.445518356883
[WARN]	[Client0] (0,146) inviato a 14600.424497207556
[WARN]	[Client0] (0,147) inviato a 14700.329462569048
[WARN]	[Client0] (0,148) inviato a 14800.352156132694
[WARN]	[Client0] (0,149) inviato a 14900.435862300485
[WARN]	[Client0] (0,150) inviato a 15000.389193395795
[WARN]	[Client0] (0,151) inviato a 15100.474071474349
[WARN]	[Client0] (0,152) inviato a 15200.433188879055
[WARN]	[Client0] (0,153) inviato a 15300.43536179693
[WARN]	[Client0] (0,154) inviato a 15400.489245277261
[WARN]	[Client0] (0,155) inviato a 15500.332514419996
[WARN]	[Client0] (0,156) inviato a 15600.469939268166
[WARN]	[Client0] (0,157) inviato a 15700.333576464125
[WARN]	[Client0] (0,158) inviato a 15800.49884029664
[WARN]	[Client0] (0,159) inviato a 15900.33352763451
[WARN]	[Client0] (0,160) inviato a 16000.411227759636
[WARN]	[Client0] (0,161) inviato a 16100.307580797754
[WARN]	[Client0] (0,162) inviato a 16200.445915097507
[WARN]	[Client0] (0,163) inviato a 16300.489849543748
[WARN]	[Client0] (0,164) inviato a 16400.421732230598
[WARN]	[Client0] (0,165) inviato a 16500.321185949278
[WARN]	[Client0] (0,166) inviato a 16600.392617572558
[WARN]	[Client0] (0,167) inviato a 16700.409921567431
[WARN]	[Client0] (0,168) inviato a 16800.474925992615
[WARN]	[Client0] (0,169) inviato a 16900.449174474319
[WARN]	[Client0] (0,170) inviato a 17000.440757469405
[WARN]	[Client0] (0,171) inviato a 17100.334650715659
[WARN]	[Client0] (0,172) inviato a 17200.371065401166
[WARN]	[Client0] (0,173) inviato a 17300.42650532548
[WARN]	[Client0] (0,174) inviato a 17400.362282174139
[WARN]	[Client0] (0,175) inviato a 17500.399124118778
[WARN]	[Client0] (0,176) inviato a 17600.380172124393
[WARN]	[Client0] (0,177) inviato a 17700.42254402295
[WARN]	[Client0] (0,178) inviato a 17800.454765465255
[WARN]	[Client0] (0,179) inviato a 17900.319275490585
[WARN]	[Client0] (0,180) inviato a 18000.309973448897
[WARN]	[Client0] (0,181) inviato a 18100.44025696585
[WARN]	[Client0] (0,182) inviato a 18200.42183599353
[WARN]	[Client0] (0,183) inviato a 18300.303668324839
[WARN]	[Client0] (0,184) inviato a 18400.398892178106
[WARN]	[Client0] (0,185) inviato a 18500.340461439863
[WARN]	[Client0] (0,186) inviato a 18600.478698080386
[WARN]	[Client0] (0,187) inviato a 18700.390188299203
[WARN]	[Client0] (0,188) inviato a 18800.434006775109
[WARN]	[Client0] (0,189) inviato a 18900.49104586932
[WARN]	[Client0] (0,190) inviato a 19000.482555619984
[WARN]	[Client0] (0,191) inviato a 19100.407748649556
[WARN]	[Client0] (0,192) inviato a 19200.494018372143
[WARN]	[Client0] (0,193) inviato a 19300.441129795221
[WARN]	[Client0] (0,194) inviato a 19400.488091677602
[WARN]	[Client0] (0,195) inviato a 19500.363014618366
[WARN]	[Client0] (0,196) inviato a 19600.317224646748
[WARN]	[Client0] (0,197) inviato a 19700.420358897671
[WARN]	[Client0] (0,198) inviato a 19800.327961058382
[WARN]	[Client0] (0,199) inviato a 19900.452159184545
[WARN]	[Client0] (0,200) inviato a 20000.494500564592
[WARN]	[Client0] (0,201) inviato a 20100.463097018342
[WARN]	[Client0] (0,202) inviato a 20200.418247016816
[WARN]	[Client0] (0,203) inviato a 20300.497521897031
[WARN]	[Client0] (0,204) inviato a 20400.487224951933
[WARN]	[Client0] (0,205) inviato a 20500.357600634785
[WARN]	[Client0] (0,206) inviato a 20600.3888882107
[WARN]	[Client0] (0,207) inviato a 20700.409360026856
[WARN]	[Client0] (0,208) inviato a 20800.470293282876
[WARN]	[Client0] (0,209) inviato a 20900.42032227546
[WARN]	[Client0] (0,210) inviato a 21000.339216284677
[WARN]	[Client0] (0,211) inviato a 21100.472588274789
[WARN]	[Client0] (0,212) inviato a 21200.400082399976
[WARN]	[Client0] (0,213) inviato a 21300.495049897763
[WARN]	[Client0] (0,214) inviato a 21400.318378246406
[WARN]	[Client0] (0,215) inviato a 21500.458452101199
[WARN]	[Client0] (0,216) inviato a 21600.307385479293
[WARN]	[Client0] (0,217) inviato a 21700.377162999359
[WARN]	[Client0] (0,218) inviato a 21800.430838953825
[WARN]	[Client0] (0,219) inviato a 21900.361268959624
[WARN]	[Client0] (0,220) inviato a 22000.41542710654
[WARN]	[Client0] (0,221) inviato a 22100.46286507767
[WARN]	[Client0] (0,222) inviato a 22200.366792809839
[WARN]	[Client0] (0,223) inviato a 22300.360164189581
[WARN]	[Client0] (0,224) inviato a 22400.482781456954
[WARN]	[Client0] (0,225) inviato a 22500.423355815302
[WARN]	[Client0] (0,226) inviato a 22600.357698294015
[WARN]	[Client0] (0,227) inviato a 22700.405746635334
[WARN]	[Client0] (0,228) inviato a 22800.371376689962
[WARN]	[Client0] (0,229) inviato a 22900.304101687674
[WARN]	[Client0] (0,230) inviato a 23000.356709494308
[WARN]	[Client0] (0,231) inviato a 23100.431876583148
[WARN]	[Client0] (0,232) inviato a 23200.439475692007
[WARN]	[Client0] (0,233) inviato a 23300.449034089175
[WARN]	[Client0] (0,234) inviato a 23400.444163335063
[WARN]	[Client0] (0,235) inviato a 23500.392342905972
[WARN]	[Client0] (0,236) inviato a 23600.359584337901
[WARN]	[Client0] (0,237) inviato a 23700.449736014893
[WARN]	[Client0] (0,238) inviato a 23800.458012634663
[WARN]	[Client0] (0,239) inviato a 23900.322602008118
[WARN]	[Client0] (0,240) inviato a 24000.361500900296
[WARN]	[Client0] (0,241) inviato a 24100.31970885342
[WARN]	[Client0] (0,242) inviato a 24200.449345377972
[WARN]	[Client0] (0,243) inviato a 24300.426511429182
[WARN]	[Client0] (0,244) inviato a 24400.300207525864
[WARN]	[Client0] (0,245) inviato a 24500.49359111301
[WARN]	[Client0] (0,246) inviato a 24600.362819299905
[WARN]	[Client0] (0,247) inviato a 24700.388009277627
[WARN]	[Client0] (0,248) inviato a 24800.348902859584
[WARN]	[Client0] (0,249) inviato a 24900.451310769982
[WARN]	[Client0] (0,250) inviato a 25000.342146061586
[WARN]	[Client0] (0,251) inviato a 25100.307861568041
[WARN]	[Client0] (0,252) inviato a 25200.316919461653
[WARN]	[Client0] (0,253) inviato a 25300.367397076327
[WARN]	[Client0] (0,254) inviato a 25400.460545670949
[WARN]	[Client0] (0,255) inviato a 25500.465392010254
[WARN]	[Client0] (0,256) inviato a 25600.392739646596
[WARN]	[Client0] (0,257) inviato a 25700.385128330332
[WARN]	[Client0] (0,258) inviato a 25800.476219977416
[WARN]	[Client0] (0,259) inviato a 25900.305139316996
[WARN]	[Client0] (0,260) inviato a 26000.311920529801
[WARN]	[Client0] (0,261) inviato a 26100.315778069399
[WARN]	[Client0] (0,262) inviato a 26200.412839136937
[WARN]	[Client0] (0,263) inviato a 26300.448680074465
[WARN]	[Client0] (0,264) inviato a 26400.350086977752
[WARN]	[Client0] (0,265) inviato a 26500.362855922117
[WARN]	[Client0] (0,266) inviato a 26600.364986114078
[WARN]	[Client0] (0,267) inviato a 26700.331232642598
[WARN]	[Client0] (0,268) inviato a 26800.3409009064
[WARN]	[Client0] (0,269) inviato a 26900.471263771477
[WARN]	[Client0] (0,270) inviato a 27000.32863246559
[WARN]	[Client0] (0,271) inviato a 27100.463463240455
[WARN]	[Client0] (0,272) inviato a 27200.319025238807
[WARN]	[Client0] (0,273) inviato a 27300.301574755089
[WARN]	[Client0] (0,274) inviato a 27400.456633198035
[WARN]	[Client0] (0,275) inviato a 27500.318152409436
[WARN]	[Client0] (0,276) inviato a 27600.388100833155
[WARN]	[Client0] (0,277) inviato a 27700.429239783929
[WARN]	[Client0] (0,278) inviato a 27800.33913083285
[WARN]	[Client0] (0,279) inviato a 27900.441959898679
[WARN]	[Client0] (0,280) inviato a 28000.413675344096
[WARN]	[Client0] (0,281) inviato a 28100.368770409253
[WARN]	[Client0] (0,282) inviato a 28200.309106723228
[WARN]	[Client0] (0,283) inviato a 28300.392080446791
[WARN]	[Client0] (0,284) inviato a 28400.341242713706
[WARN]	[Client0] (0,285) inviato a 28500.423007904294
[WARN]	[Client0] (0,286) inviato a 28600.3727866451
[WARN]	[Client0] (0,287) inviato a 28700.49803460799
[WARN]	[Client0] (0,288) inviato a 28800.339143040254
[WARN]	[Client0] (0,289) inviato a 28900.357301553392
[WARN]	[Client0] (0,290) inviato a 29000.365138706626
[WARN]	[Client0] (0,291) inviato a 29100.448313852351
[WARN]	[Client0] (0,292) inviato a 29200.366585283975
[WARN]	[Client0] (0,293) inviato a 29300.498754844813
[WARN]	[Client0] (0,294) inviato a 29400.330329294717
[WARN]	[Client0] (0,295) inviato a 29500.302172917875
[WARN]	[Client0] (0,296) inviato a 29600.366573076571
[WARN]	[Client0] (0,297) inviato a 29700.460423596912
[WARN]	[Client0] (0,298) inviato a 29800.327204199347
[WARN]	[Client0] (0,299) inviato a 29900.326300851466
[WARN]	[Client0] (0,300) inviato a 30000.483904538102
[WARN]	[Client0] (0,301) inviato a 30100.490551469466
[WARN]	[Client0] (0,302) inviato a 30200.459752189703
[WARN]	[Client0] (0,303) inviato a 30300.456541642506
[WARN]	[Client0] (0,304) inviato a 30400.308111819819
[WARN]	[Client0] (0,305) inviato a 30500.446775719474
[WARN]	[Client0] (0,306) inviato a 30600.332557145909
[WARN]	[Client0] (0,307) inviato a 30700.384633930479
[WARN]	[Client0] (0,308) inviato a 30800.341474654378
[WARN]	[Client0] (0,309) inviato a 30900.395364238411
[WARN]	[Client0] (0,310) inviato a 31000.331299783319
[WARN]	[Client0] (0,311) inviato a 31100.469908749657
[WARN]	[Client0] (0,312) inviato a 31200.491943113498
[WARN]	[Client0] (0,313) inviato a 31300.435404522843
[WARN]	[Client0] (0,314) inviato a 31400.32821131016
[WARN]	[Client0] (0,315) inviato a 31500.476036866359
[WARN]	[Client0] (0,316) inviato a 31600.39110995819
[WARN]	[Client0] (0,317) inviato a 31700.348054445021
[WARN]	[Client0] (0,318) inviato a 31800.412515640736
[WARN]	[Client0] (0,319) inviato a 31900.332697531053
[WARN]	[Client0] (0,320) inviato a 32000.337220374157
[WARN]	[Client0] (0,321) inviato a 32100.470738853114
[WARN]	[Client0] (0,322) inviato a 32200.445945616016
[WARN]	[Client0] (0,323) inviato a 32300.322370067446
[WARN]	[Client0] (0,324) inviato a 32400.463115329447
[WARN]	[Client0] (0,325) inviato a 32500.396365245521
[WARN]	[Client0] (0,326) inviato a 32600.443174535356
[WARN]	[Client0] (0,327) inviato a 32700.491985839412
[WARN]	[Client0] (0,328) inviato a 32800.329169591357
[WARN]	[Client0] (0,329) inviato a 32900.497589037751
[WARN]	[Client0] (0,330) inviato a 33000.377309488205
[WARN]	[Client0] (0,331) inviato a 33100.489666432691
[WARN]	[Client0] (0,332) inviato a 33200.341322061831
[WARN]	[Client0] (0,333) inviato a 33300.475945310831
[WARN]	[Client0] (0,334) inviato a 33400.41033661916
[WARN]	[Client0] (0,335) inviato a 33500.426456495865
[WARN]	[Client0] (0,336) inviato a 33600.393997009186
[WARN]	[Client0] (0,337) inviato a 33700.336158330027
[WARN]	[Client0] (0,338) inviato a 33800.348609881893
[WARN]	[Client0] (0,339) inviato a 33900.363045136876
[WARN]	[Client0] (0,340) inviato a 34000.338080996124
[WARN]	[Client0] (0,341) inviato a 34100.385311441389
[WARN]	[Client0] (0,342) inviato a 34200.32331614124
[WARN]	[Client0] (0,343) inviato a 34300.421469771416
[WARN]	[Client0] (0,344) inviato a 34400.473931089206
[WARN]	[Client0] (0,345) inviato a 34500.457066560869
[WARN]	[Client0] (0,346) inviato a 34600.495934934538
[WARN]	[Client0] (0,347) inviato a 34700.321820734275
[WARN]	[Client0] (0,348) inviato a 34800.469261757256
[WARN]	[Client0] (0,349) inviato a 34900.360890530107
[WARN]	[Client0] (0,350) inviato a 35000.388705099643
[WARN]	[Client0] (0,351) inviato a 35100.344007690664
[WARN]	[Client0] (0,352) inviato a 35200.302209540086
[WARN]	[Client0] (0,353) inviato a 35300.356288338878
[WARN]	[Client0] (0,354) inviato a 35400.440122684408
[WARN]	[Client0] (0,355) inviato a 35500.314423047578
[WARN]	[Client0] (0,356) inviato a 35600.429233680227
[WARN]	[Client0] (0,357) inviato a 35700.451994384594
[WARN]	[Client0] (0,358) inviato a 35800.385354167302
[WARN]	[Client0] (0,359) inviato a 35900.417703787347
[WARN]	[Client0] (0,360) inviato a 36000.378109073153
[WARN]	[Client0] (0,361) inviato a 36100.330207220679
[WARN]	[Client0] (0,362) inviato a 36200.461778618732
[WARN]	[Client0] (0,363) inviato a 36300.433414716025
[WARN]	[Client0] (0,364) inviato a 36400.365889461959
[WARN]	[Client0] (0,365) inviato a 36500.495818964202
[WARN]	[Client0] (0,366) inviato a 36600.439378032777
[WARN]	[Client0] (0,367) inviato a 36700.397811822871
[WARN]	[Client0] (0,368) inviato a 36800.341895809809
[WARN]	[Client0] (0,369) inviato a 36900.450602740562
[WARN]	[Client0] (0,370) inviato a 37000.476281014435
[WARN]	[Client0] (0,371) inviato a 37100.490514847255
[WARN]	[Client0] (0,372) inviato a 37200.455650502029
[WARN]	[Client0] (0,373) inviato a 37300.492455824458
[WARN]	[Client0] (0,374) inviato a 37400.399160740989
[WARN]	[Client0] (0,375) inviato a 37500.34624774926
[WARN]	[Client0] (0,376) inviato a 37600.349873348186
[WARN]	[Client0] (0,377) inviato a 37700.339619129002
[WARN]	[Client0] (0,378) inviato a 37800.408761864071
[WARN]	[Client0] (0,379) inviato a 37900.391567735832
[WARN]	[Client0] (0,380) inviato a 38000.478435621204
[WARN]	[Client0] (0,381) inviato a 38100.379885250404
[WARN]	[Client0] (0,382) inviato a 38200.410348826563
[WARN]	[Client0] (0,383) inviato a 38300.406564531388
[WARN]	[Client0] (0,384) inviato a 38400.44933927427
[WARN]	[Client0] (0,385) inviato a 38500.344825586718
[WARN]	[Client0] (0,386) inviato a 38600.369142735069
[WARN]	[Client0] (0,387) inviato a 38700.311578722495
[WARN]	[Client0] (0,388) inviato a 38800.392678609577
[WARN]	[Client0] (0,389) inviato a 38900.408987701041
[WARN]	[Client0] (0,390) inviato a 39000.490856654561
[WARN]	[Client0] (0,391) inviato a 39100.378945280313
[WARN]	[Client0] (0,392) inviato a 39200.353621021149
[WARN]	[Client0] (0,393) inviato a 39300.314154484695
[WARN]	[Client0] (0,394) inviato a 39400.427091280862
[WARN]	[Client0] (0,395) inviato a 39500.469676808985
[WARN]	[Client0] (0,396) inviato a 39600.310345774712
[WARN]	[Client0] (0,397) inviato a 39700.318524735252
[WARN]	[Client0] (0,398) inviato a 39800.305859553819
[WARN]	[Client0] (0,399) inviato a 39900.495220801416
[WARN]	[Client0] (0,400) inviato a 40000.417062898648
[WARN]	[Client0] (0,401) inviato a 40100.37094943083
[WARN]	[Client0] (0,402) inviato a 40200.387032685324
[WARN]	[Client0] (0,403) inviato a 40300.304132206183
[WARN]	[Client0] (0,404) inviato a 40400.47191686758
[WARN]	[Client0] (0,405) inviato a 40500.31014435255
[WARN]	[Client0] (0,406) inviato a 40600.342811365093
[WARN]	[Client0] (0,407) inviato a 40700.393856624042
[WARN]	[Client0] (0,408) inviato a 40800.410013122959
[WARN]	[Client0] (0,409) inviato a 40900.488927884762
[WARN]	[Client0] (0,410) inviato a 41000.363185522019
[WARN]	[Client0] (0,411) inviato a 41100.447379985961
[WARN]	[Client0] (0,412) inviato a 41200.421359904782
[WARN]	[Client0] (0,413) inviato a 41300.423398541215
[WARN]	[Client0] (0,414) inviato a 41400.486419263283
[WARN]	[Client0] (0,415) inviato a 41500.49497665334
[WARN]	[Client0] (0,416) inviato a 41600.49384746849
[WARN]	[Client0] (0,417) inviato a 41700.467204809717
[WARN]	[Client0] (0,418) inviato a 41800.354506057924
[WARN]	[Client0] (0,419) inviato a 41900.300946073794
[WARN]	[Client0] (0,420) inviato a 42000.38119144261
[WARN]	[Client0] (0,421) inviato a 42100.310711996826
[WARN]	[Client0] (0,422) inviato a 42200.39365520188
[WARN]	[Client0] (0,423) inviato a 42300.375319681387
[WARN]	[Client0] (0,424) inviato a 42400.395944090091
[WARN]	[Client0] (0,425) inviato a 42500.305279702139
[WARN]	[Client0] (0,426) inviato a 42600.419736320078
[WARN]	[Client0] (0,427) inviato a 42700.410556352428
[WARN]	[Client0] (0,428) inviato a 42800.427433088168
[WARN]	[Client0] (0,429) inviato a 42900.412424085208
[WARN]	[Client0] (0,430) inviato a 43000.468767357402
[WARN]	[Client0] (0,431) inviato a 43100.343281350139
[WARN]	[Client0] (0,432) inviato a 43200.384719382305
[WARN]	[Client0] (0,433) inviato a 43300.37806634724
[WARN]	[Client0] (0,434) inviato a 43400.452372814112
[WARN]	[Client0] (0,435) inviato a 43500.44103213599
[WARN]	[Client0] (0,436) inviato a 43600.464610736412
[WARN]	[Client0] (0,437) inviato a 43700.331739249855
[WARN]	[Client0] (0,438) inviato a 43800.43826105533
[WARN]	[Client0] (0,439) inviato a 43900.413907284768
[WARN]	[Client0] (0,440) inviato a 44000.444578386792
[WARN]	[Client0] (0,441) inviato a 44100.410837122715
[WARN]	[Client0] (0,442) inviato a 44200.355677968688
[WARN]	[Client0] (0,443) inviato a 44300.351350444044
[WARN]	[Client0] (0,444) inviato a 44400.40077211829
[WARN]	[Client0] (0,445) inviato a 44500.409775078585
[WARN]	[Client0] (0,446) inviato a 44600.325904110843
[WARN]	[Client0] (0,447) inviato a 44700.483855708487
[WARN]	[Client0] (0,448) inviato a 44800.450962858974
[WARN]	[Client0] (0,449) inviato a 44900.454277169103
[WARN]	[Client0] (0,450) inviato a 45000.417691579943
[WARN]	[Client0] (0,451) inviato a 45100.369637134922
[WARN]	[Client0] (0,452) inviato a 45200.322498245186
[WARN]	[Client0] (0,453) inviato a 45300.300524918363
[WARN]	[Client0] (0,454) inviato a 45400.427744376965
[WARN]	[Client0] (0,455) inviato a 45500.306433301798
[WARN]	[Client0] (0,456) inviato a 45600.34531388287
[WARN]	[Client0] (0,457) inviato a 45700.459447004608
[WARN]	[Client0] (0,458) inviato a 45800.486205633717
[WARN]	[Client0] (0,459) inviato a 45900.368153935362
[WARN]	[Client0] (0,460) inviato a 46000.469866023743
[WARN]	[Client0] (0,461) inviato a 46100.345875423444
[WARN]	[Client0] (0,462) inviato a 46200.48708456679
[WARN]	[Client0] (0,463) inviato a 46300.466624958037
[WARN]	[Client0] (0,464) inviato a 46400.310101626637
[WARN]	[Client0] (0,465) inviato a 46500.452812280648
[WARN]	[Client0] (0,466) inviato a 46600.34376964629
[WARN]	[Client0] (0,467) inviato a 46700.438297677541
[WARN]	[Client0] (0,468) inviato a 46800.41146580401
[WARN]	[Client0] (0,469) inviato a 46900.350605792413
[WARN]	[Client0] (0,470) inviato a 47000.469487594226
[WARN]	[Client0] (0,471) inviato a 47100.355995361187
[WARN]	[Client0] (0,472) inviato a 47200.343806268502
[WARN]	[Client0] (0,473) inviato a 47300.311212500381
[WARN]	[Client0] (0,474) inviato a 47400.48273873104
[WARN]	[Client0] (0,475) inviato a 47500.465611743522
[WARN]	[Client0] (0,476) inviato a 47600.419412823878
[WARN]	[Client0] (0,477) inviato a 47700.357387005219
[WARN]	[Client0] (0,478) inviato a 47800.337794122135
[WARN]	[Client0] (0,479) inviato a 47900.347798089541
[WARN]	[Client0] (0,480) inviato a 48000.435923337504
[WARN]	[Client0] (0,481) inviato a 48100.336902981658
[WARN]	[Client0] (0,482) inviato a 48200.480181279946
[WARN]	[Client0] (0,483) inviato a 48300.304760887478
[WARN]	[Client0] (0,484) inviato a 48400.444340342418
[WARN]	[Client0] (0,485) inviato a 48500.421781060213
[WARN]	[Client0] (0,486) inviato a 48600.427109591968
[WARN]	[Client0] (0,487) inviato a 48700.371907712027
[WARN]	[Client0] (0,488) inviato a 48800.341962950529
[WARN]	[Client0] (0,489) inviato a 48900.432505264443
[WARN]	[Client0] (0,490) inviato a 49000.372969756157
[WARN]	[Client0] (0,491) inviato a 49100.354591509751
[WARN]	[Client0] (0,492) inviato a 49200.490392773217
[WARN]	[Client0] (0,493) inviato a 49300.387240211188
[WARN]	[Client0] (0,494) inviato a 49400.419791253395
[WARN]	[Client0] (0,495) inviato a 49500.489843440046
[WARN]	[Client0] (0,496) inviato a 49600.358449049348
[WARN]	[Client0] (0,497) inviato a 49700.476042970061
[WARN]	[Client0] (0,498) inviato a 49800.432724997711
[WARN]	[Client0] (0,499) inviato a 49900.333051545763

<!> No more events, simulation completed -- at t=49911.161047271587s, event #464554

Calling finish() at end of Run #0...
