** Event #0   t=0   Elapsed: 8e-006s (0m 00s)   ev/sec=0
** Event #132096   t=53.987860715234   Elapsed: 1.00056s (0m 01s)   ev/sec=132024
** Event #191501   t=79.134740938754   Elapsed: 1.27956s (0m 01s)   ev/sec=212915

<!> No more events, simulation completed -- at t=79.134740938754s, event #191501
[WARN]	-----------------------------CLIENT0------------------------------
[WARN]	49(0,0)  : NEW MESSAGE DELIVERED a 30.127837533129 ----> seq[[0,1] [1,1] [2,1] [3,1] [4,1] [5,1] [6,1] [7,1] [8,1] [9,1] [10,1] [11,1] [12,1] [13,1] [14,1] [15,1] [16,1] [17,1] [18,1] [19,1] [20,1] [21,1] [22,1] [23,1] [24,1] [25,1] [26,1] [27,1] [28,1] [29,1] [30,1] [31,1] [32,1] [33,1] [34,1] [35,1] [36,1] [37,1] [38,1] [39,1] [40,1] [41,1] [42,1] [43,1] [44,1] [45,1] [46,1] [47,1] [48,1] [49,1] ]
[WARN]	-----------------------------CLIENT1------------------------------
[WARN]	0(0,0)  : NEW MESSAGE DELIVERED a 30.425639461041 ----> seq[[0,1] [1,1] [2,1] [3,1] [4,1] [5,1] [6,1] [7,1] [8,1] [9,1] [10,1] [11,1] [12,1] [13,1] [14,1] [15,1] [16,1] [17,1] [18,1] [19,1] [20,1] [21,1] [22,1] [23,1] [24,1] [25,1] [26,1] [27,1] [28,1] [29,1] [30,1] [31,1] [32,1] [33,1] [34,1] [35,1] [36,1] [37,1] [38,1] [39,1] [40,1] [41,1] [42,1] [43,1] [44,1] [45,1] [46,1] [47,1] [48,1] [49,1] ]
[WARN]	-----------------------------CLIENT2------------------------------
[WARN]	0(0,0)  : NEW MESSAGE DELIVERED a 30.775366320383 ----> seq[[0,1] [1,1] [2,1] [3,1] [4,1] [5,1] [6,1] [7,1] [8,1] [9,1] [10,1] [11,1] [12,1] [13,1] [14,1] [15,1] [16,1] [17,1] [18,1] [19,1] [20,1] [21,1] [22,1] [23,1] [24,1] [25,1] [26,1] [27,1] [28,1] [29,1] [30,1] [31,1] [32,1] [33,1] [34,1] [35,1] [36,1] [37,1] [38,1] [39,1] [40,1] [41,1] [42,1] [43,1] [44,1] [45,1] [46,1] [47,1] [48,1] [49,1] ]
[WARN]	-----------------------------CLIENT3------------------------------
[WARN]	0(0,0)  : NEW MESSAGE DELIVERED a 31.611076028322 ----> seq[[0,1] [1,1] [2,1] [3,1] [4,1] [5,1] [6,1] [7,1] [8,1] [9,1] [10,1] [11,1] [12,1] [13,1] [14,1] [15,1] [16,1] [17,1] [18,1] [19,1] [20,1] [21,1] [22,1] [23,1] [24,1] [25,1] [26,1] [27,1] [28,1] [29,1] [30,1] [31,1] [32,1] [33,1] [34,1] [35,1] [36,1] [37,1] [38,1] [39,1] [40,1] [41,1] [42,1] [43,1] [44,1] [45,1] [46,1] [47,1] [48,1] [49,1] ]
[WARN]	-----------------------------CLIENT4------------------------------
[WARN]	0(0,0)  : NEW MESSAGE DELIVERED a 32.58605360503 ----> seq[[0,1] [1,1] [2,1] [3,1] [4,1] [5,1] [6,1] [7,1] [8,1] [9,1] [10,1] [11,1] [12,1] [13,1] [14,1] [15,1] [16,1] [17,1] [18,1] [19,1] [20,1] [21,1] [22,1] [23,1] [24,1] [25,1] [26,1] [27,1] [28,1] [29,1] [30,1] [31,1] [32,1] [33,1] [34,1] [35,1] [36,1] [37,1] [38,1] [39,1] [40,1] [41,1] [42,1] [43,1] [44,1] [45,1] [46,1] [47,1] [48,1] [49,1] ]
[WARN]	-----------------------------CLIENT5------------------------------
[WARN]	0(0,0)  : NEW MESSAGE DELIVERED a 32.650047867549 ----> seq[[0,1] [1,1] [2,1] [3,1] [4,1] [5,1] [6,1] [7,1] [8,1] [9,1] [10,1] [11,1] [12,1] [13,1] [14,1] [15,1] [16,1] [17,1] [18,1] [19,1] [20,1] [21,1] [22,1] [23,1] [24,1] [25,1] [26,1] [27,1] [28,1] [29,1] [30,1] [31,1] [32,1] [33,1] [34,1] [35,1] [36,1] [37,1] [38,1] [39,1] [40,1] [41,1] [42,1] [43,1] [44,1] [45,1] [46,1] [47,1] [48,1] [49,1] ]
[WARN]	-----------------------------CLIENT6------------------------------
[WARN]	0(0,0)  : NEW MESSAGE DELIVERED a 33.468819802726 ----> seq[[0,1] [1,1] [2,1] [3,1] [4,1] [5,1] [6,1] [7,1] [8,1] [9,1] [10,1] [11,1] [12,1] [13,1] [14,1] [15,1] [16,1] [17,1] [18,1] [19,1] [20,1] [21,1] [22,1] [23,1] [24,1] [25,1] [26,1] [27,1] [28,1] [29,1] [30,1] [31,1] [32,1] [33,1] [34,1] [35,1] [36,1] [37,1] [38,1] [39,1] [40,1] [41,1] [42,1] [43,1] [44,1] [45,1] [46,1] [47,1] [48,1] [49,1] ]
[WARN]	-----------------------------CLIENT7------------------------------
[WARN]	0(0,0)  : NEW MESSAGE DELIVERED a 33.314557892881 ----> seq[[0,1] [1,1] [2,1] [3,1] [4,1] [5,1] [6,1] [7,1] [8,1] [9,1] [10,1] [11,1] [12,1] [13,1] [14,1] [15,1] [16,1] [17,1] [18,1] [19,1] [20,1] [21,1] [22,1] [23,1] [24,1] [25,1] [26,1] [27,1] [28,1] [29,1] [30,1] [31,1] [32,1] [33,1] [34,1] [35,1] [36,1] [37,1] [38,1] [39,1] [40,1] [41,1] [42,1] [43,1] [44,1] [45,1] [46,1] [47,1] [48,1] [49,1] ]
[WARN]	-----------------------------CLIENT8------------------------------
[WARN]	0(0,0)  : NEW MESSAGE DELIVERED a 33.446553795589 ----> seq[[0,1] [1,1] [2,1] [3,1] [4,1] [5,1] [6,1] [7,1] [8,1] [9,1] [10,1] [11,1] [12,1] [13,1] [14,1] [15,1] [16,1] [17,1] [18,1] [19,1] [20,1] [21,1] [22,1] [23,1] [24,1] [25,1] [26,1] [27,1] [28,1] [29,1] [30,1] [31,1] [32,1] [33,1] [34,1] [35,1] [36,1] [37,1] [38,1] [39,1] [40,1] [41,1] [42,1] [43,1] [44,1] [45,1] [46,1] [47,1] [48,1] [49,1] ]
[WARN]	-----------------------------CLIENT9------------------------------
[WARN]	0(0,0)  : NEW MESSAGE DELIVERED a 33.980484274422 ----> seq[[0,1] [1,1] [2,1] [3,1] [4,1] [5,1] [6,1] [7,1] [8,1] [9,1] [10,1] [11,1] [12,1] [13,1] [14,1] [15,1] [16,1] [17,1] [18,1] [19,1] [20,1] [21,1] [22,1] [23,1] [24,1] [25,1] [26,1] [27,1] [28,1] [29,1] [30,1] [31,1] [32,1] [33,1] [34,1] [35,1] [36,1] [37,1] [38,1] [39,1] [40,1] [41,1] [42,1] [43,1] [44,1] [45,1] [46,1] [47,1] [48,1] [49,1] ]
[WARN]	-----------------------------CLIENT10------------------------------
[WARN]	0(0,0)  : NEW MESSAGE DELIVERED a 34.273037758116 ----> seq[[0,1] [1,1] [2,1] [3,1] [4,1] [5,1] [6,1] [7,1] [8,1] [9,1] [10,1] [11,1] [12,1] [13,1] [14,1] [15,1] [16,1] [17,1] [18,1] [19,1] [20,1] [21,1] [22,1] [23,1] [24,1] [25,1] [26,1] [27,1] [28,1] [29,1] [30,1] [31,1] [32,1] [33,1] [34,1] [35,1] [36,1] [37,1] [38,1] [39,1] [40,1] [41,1] [42,1] [43,1] [44,1] [45,1] [46,1] [47,1] [48,1] [49,1] ]
[WARN]	-----------------------------CLIENT11------------------------------
[WARN]	0(0,0)  : NEW MESSAGE DELIVERED a 34.640331071506 ----> seq[[0,1] [1,1] [2,1] [3,1] [4,1] [5,1] [6,1] [7,1] [8,1] [9,1] [10,1] [11,1] [12,1] [13,1] [14,1] [15,1] [16,1] [17,1] [18,1] [19,1] [20,1] [21,1] [22,1] [23,1] [24,1] [25,1] [26,1] [27,1] [28,1] [29,1] [30,1] [31,1] [32,1] [33,1] [34,1] [35,1] [36,1] [37,1] [38,1] [39,1] [40,1] [41,1] [42,1] [43,1] [44,1] [45,1] [46,1] [47,1] [48,1] [49,1] ]
[WARN]	-----------------------------CLIENT12------------------------------
[WARN]	0(0,0)  : NEW MESSAGE DELIVERED a 35.090659145481 ----> seq[[0,1] [1,1] [2,1] [3,1] [4,1] [5,1] [6,1] [7,1] [8,1] [9,1] [10,1] [11,1] [12,1] [13,1] [14,1] [15,1] [16,1] [17,1] [18,1] [19,1] [20,1] [21,1] [22,1] [23,1] [24,1] [25,1] [26,1] [27,1] [28,1] [29,1] [30,1] [31,1] [32,1] [33,1] [34,1] [35,1] [36,1] [37,1] [38,1] [39,1] [40,1] [41,1] [42,1] [43,1] [44,1] [45,1] [46,1] [47,1] [48,1] [49,1] ]
[WARN]	-----------------------------CLIENT13------------------------------
[WARN]	0(0,0)  : NEW MESSAGE DELIVERED a 35.811069627246 ----> seq[[0,1] [1,1] [2,1] [3,1] [4,1] [5,1] [6,1] [7,1] [8,1] [9,1] [10,1] [11,1] [12,1] [13,1] [14,1] [15,1] [16,1] [17,1] [18,1] [19,1] [20,1] [21,1] [22,1] [23,1] [24,1] [25,1] [26,1] [27,1] [28,1] [29,1] [30,1] [31,1] [32,1] [33,1] [34,1] [35,1] [36,1] [37,1] [38,1] [39,1] [40,1] [41,1] [42,1] [43,1] [44,1] [45,1] [46,1] [47,1] [48,1] [49,1] ]
[WARN]	-----------------------------CLIENT14------------------------------
[WARN]	0(0,0)  : NEW MESSAGE DELIVERED a 35.387195294658 ----> seq[[0,1] [1,1] [2,1] [3,1] [4,1] [5,1] [6,1] [7,1] [8,1] [9,1] [10,1] [11,1] [12,1] [13,1] [14,1] [15,1] [16,1] [17,1] [18,1] [19,1] [20,1] [21,1] [22,1] [23,1] [24,1] [25,1] [26,1] [27,1] [28,1] [29,1] [30,1] [31,1] [32,1] [33,1] [34,1] [35,1] [36,1] [37,1] [38,1] [39,1] [40,1] [41,1] [42,1] [43,1] [44,1] [45,1] [46,1] [47,1] [48,1] [49,1] ]
[WARN]	-----------------------------CLIENT15------------------------------
[WARN]	0(0,0)  : NEW MESSAGE DELIVERED a 36.164571923582 ----> seq[[0,1] [1,1] [2,1] [3,1] [4,1] [5,1] [6,1] [7,1] [8,1] [9,1] [10,1] [11,1] [12,1] [13,1] [14,1] [15,1] [16,1] [17,1] [18,1] [19,1] [20,1] [21,1] [22,1] [23,1] [24,1] [25,1] [26,1] [27,1] [28,1] [29,1] [30,1] [31,1] [32,1] [33,1] [34,1] [35,1] [36,1] [37,1] [38,1] [39,1] [40,1] [41,1] [42,1] [43,1] [44,1] [45,1] [46,1] [47,1] [48,1] [49,1] ]
[WARN]	-----------------------------CLIENT16------------------------------
[WARN]	0(0,0)  : NEW MESSAGE DELIVERED a 36.416230604574 ----> seq[[0,1] [1,1] [2,1] [3,1] [4,1] [5,1] [6,1] [7,1] [8,1] [9,1] [10,1] [11,1] [12,1] [13,1] [14,1] [15,1] [16,1] [17,1] [18,1] [19,1] [20,1] [21,1] [22,1] [23,1] [24,1] [25,1] [26,1] [27,1] [28,1] [29,1] [30,1] [31,1] [32,1] [33,1] [34,1] [35,1] [36,1] [37,1] [38,1] [39,1] [40,1] [41,1] [42,1] [43,1] [44,1] [45,1] [46,1] [47,1] [48,1] [49,1] ]
[WARN]	-----------------------------CLIENT17------------------------------
[WARN]	0(0,0)  : NEW MESSAGE DELIVERED a 36.99696426954 ----> seq[[0,1] [1,1] [2,1] [3,1] [4,1] [5,1] [6,1] [7,1] [8,1] [9,1] [10,1] [11,1] [12,1] [13,1] [14,1] [15,1] [16,1] [17,1] [18,1] [19,1] [20,1] [21,1] [22,1] [23,1] [24,1] [25,1] [26,1] [27,1] [28,1] [29,1] [30,1] [31,1] [32,1] [33,1] [34,1] [35,1] [36,1] [37,1] [38,1] [39,1] [40,1] [41,1] [42,1] [43,1] [44,1] [45,1] [46,1] [47,1] [48,1] [49,1] ]
[WARN]	-----------------------------CLIENT18------------------------------
[WARN]	0(0,0)  : NEW MESSAGE DELIVERED a 37.30304966033 ----> seq[[0,1] [1,1] [2,1] [3,1] [4,1] [5,1] [6,1] [7,1] [8,1] [9,1] [10,1] [11,1] [12,1] [13,1] [14,1] [15,1] [16,1] [17,1] [18,1] [19,1] [20,1] [21,1] [22,1] [23,1] [24,1] [25,1] [26,1] [27,1] [28,1] [29,1] [30,1] [31,1] [32,1] [33,1] [34,1] [35,1] [36,1] [37,1] [38,1] [39,1] [40,1] [41,1] [42,1] [43,1] [44,1] [45,1] [46,1] [47,1] [48,1] [49,1] ]
[WARN]	-----------------------------CLIENT19------------------------------
[WARN]	0(0,0)  : NEW MESSAGE DELIVERED a 37.904841096837 ----> seq[[0,1] [1,1] [2,1] [3,1] [4,1] [5,1] [6,1] [7,1] [8,1] [9,1] [10,1] [11,1] [12,1] [13,1] [14,1] [15,1] [16,1] [17,1] [18,1] [19,1] [20,1] [21,1] [22,1] [23,1] [24,1] [25,1] [26,1] [27,1] [28,1] [29,1] [30,1] [31,1] [32,1] [33,1] [34,1] [35,1] [36,1] [37,1] [38,1] [39,1] [40,1] [41,1] [42,1] [43,1] [44,1] [45,1] [46,1] [47,1] [48,1] [49,1] ]
[WARN]	-----------------------------CLIENT20------------------------------
[WARN]	0(0,0)  : NEW MESSAGE DELIVERED a 38.270425373699 ----> seq[[0,1] [1,1] [2,1] [3,1] [4,1] [5,1] [6,1] [7,1] [8,1] [9,1] [10,1] [11,1] [12,1] [13,1] [14,1] [15,1] [16,1] [17,1] [18,1] [19,1] [20,1] [21,1] [22,1] [23,1] [24,1] [25,1] [26,1] [27,1] [28,1] [29,1] [30,1] [31,1] [32,1] [33,1] [34,1] [35,1] [36,1] [37,1] [38,1] [39,1] [40,1] [41,1] [42,1] [43,1] [44,1] [45,1] [46,1] [47,1] [48,1] [49,1] ]
[WARN]	-----------------------------CLIENT21------------------------------
[WARN]	0(0,0)  : NEW MESSAGE DELIVERED a 38.596598047428 ----> seq[[0,1] [1,1] [2,1] [3,1] [4,1] [5,1] [6,1] [7,1] [8,1] [9,1] [10,1] [11,1] [12,1] [13,1] [14,1] [15,1] [16,1] [17,1] [18,1] [19,1] [20,1] [21,1] [22,1] [23,1] [24,1] [25,1] [26,1] [27,1] [28,1] [29,1] [30,1] [31,1] [32,1] [33,1] [34,1] [35,1] [36,1] [37,1] [38,1] [39,1] [40,1] [41,1] [42,1] [43,1] [44,1] [45,1] [46,1] [47,1] [48,1] [49,1] ]
[WARN]	-----------------------------CLIENT22------------------------------
[WARN]	0(0,0)  : NEW MESSAGE DELIVERED a 39.19822468398 ----> seq[[0,1] [1,1] [2,1] [3,1] [4,1] [5,1] [6,1] [7,1] [8,1] [9,1] [10,1] [11,1] [12,1] [13,1] [14,1] [15,1] [16,1] [17,1] [18,1] [19,1] [20,1] [21,1] [22,1] [23,1] [24,1] [25,1] [26,1] [27,1] [28,1] [29,1] [30,1] [31,1] [32,1] [33,1] [34,1] [35,1] [36,1] [37,1] [38,1] [39,1] [40,1] [41,1] [42,1] [43,1] [44,1] [45,1] [46,1] [47,1] [48,1] [49,1] ]
[WARN]	-----------------------------CLIENT23------------------------------
[WARN]	0(0,0)  : NEW MESSAGE DELIVERED a 39.567495596792 ----> seq[[0,1] [1,1] [2,1] [3,1] [4,1] [5,1] [6,1] [7,1] [8,1] [9,1] [10,1] [11,1] [12,1] [13,1] [14,1] [15,1] [16,1] [17,1] [18,1] [19,1] [20,1] [21,1] [22,1] [23,1] [24,1] [25,1] [26,1] [27,1] [28,1] [29,1] [30,1] [31,1] [32,1] [33,1] [34,1] [35,1] [36,1] [37,1] [38,1] [39,1] [40,1] [41,1] [42,1] [43,1] [44,1] [45,1] [46,1] [47,1] [48,1] [49,1] ]
[WARN]	-----------------------------CLIENT24------------------------------
[WARN]	0(0,0)  : NEW MESSAGE DELIVERED a 39.878195386214 ----> seq[[0,1] [1,1] [2,1] [3,1] [4,1] [5,1] [6,1] [7,1] [8,1] [9,1] [10,1] [11,1] [12,1] [13,1] [14,1] [15,1] [16,1] [17,1] [18,1] [19,1] [20,1] [21,1] [22,1] [23,1] [24,1] [25,1] [26,1] [27,1] [28,1] [29,1] [30,1] [31,1] [32,1] [33,1] [34,1] [35,1] [36,1] [37,1] [38,1] [39,1] [40,1] [41,1] [42,1] [43,1] [44,1] [45,1] [46,1] [47,1] [48,1] [49,1] ]
[WARN]	-----------------------------CLIENT25------------------------------
[WARN]	0(0,0)  : NEW MESSAGE DELIVERED a 40.567611269753 ----> seq[[0,1] [1,1] [2,1] [3,1] [4,1] [5,1] [6,1] [7,1] [8,1] [9,1] [10,1] [11,1] [12,1] [13,1] [14,1] [15,1] [16,1] [17,1] [18,1] [19,1] [20,1] [21,1] [22,1] [23,1] [24,1] [25,1] [26,1] [27,1] [28,1] [29,1] [30,1] [31,1] [32,1] [33,1] [34,1] [35,1] [36,1] [37,1] [38,1] [39,1] [40,1] [41,1] [42,1] [43,1] [44,1] [45,1] [46,1] [47,1] [48,1] [49,1] ]
[WARN]	-----------------------------CLIENT26------------------------------
[WARN]	0(0,0)  : NEW MESSAGE DELIVERED a 40.557921940369 ----> seq[[0,1] [1,1] [2,1] [3,1] [4,1] [5,1] [6,1] [7,1] [8,1] [9,1] [10,1] [11,1] [12,1] [13,1] [14,1] [15,1] [16,1] [17,1] [18,1] [19,1] [20,1] [21,1] [22,1] [23,1] [24,1] [25,1] [26,1] [27,1] [28,1] [29,1] [30,1] [31,1] [32,1] [33,1] [34,1] [35,1] [36,1] [37,1] [38,1] [39,1] [40,1] [41,1] [42,1] [43,1] [44,1] [45,1] [46,1] [47,1] [48,1] [49,1] ]
[WARN]	-----------------------------CLIENT27------------------------------
[WARN]	0(0,0)  : NEW MESSAGE DELIVERED a 41.133931042697 ----> seq[[0,1] [1,1] [2,1] [3,1] [4,1] [5,1] [6,1] [7,1] [8,1] [9,1] [10,1] [11,1] [12,1] [13,1] [14,1] [15,1] [16,1] [17,1] [18,1] [19,1] [20,1] [21,1] [22,1] [23,1] [24,1] [25,1] [26,1] [27,1] [28,1] [29,1] [30,1] [31,1] [32,1] [33,1] [34,1] [35,1] [36,1] [37,1] [38,1] [39,1] [40,1] [41,1] [42,1] [43,1] [44,1] [45,1] [46,1] [47,1] [48,1] [49,1] ]
[WARN]	-----------------------------CLIENT28------------------------------
[WARN]	0(0,0)  : NEW MESSAGE DELIVERED a 41.126585534839 ----> seq[[0,1] [1,1] [2,1] [3,1] [4,1] [5,1] [6,1] [7,1] [8,1] [9,1] [10,1] [11,1] [12,1] [13,1] [14,1] [15,1] [16,1] [17,1] [18,1] [19,1] [20,1] [21,1] [22,1] [23,1] [24,1] [25,1] [26,1] [27,1] [28,1] [29,1] [30,1] [31,1] [32,1] [33,1] [34,1] [35,1] [36,1] [37,1] [38,1] [39,1] [40,1] [41,1] [42,1] [43,1] [44,1] [45,1] [46,1] [47,1] [48,1] [49,1] ]
[WARN]	-----------------------------CLIENT29------------------------------
[WARN]	0(0,0)  : NEW MESSAGE DELIVERED a 41.743276107672 ----> seq[[0,1] [1,1] [2,1] [3,1] [4,1] [5,1] [6,1] [7,1] [8,1] [9,1] [10,1] [11,1] [12,1] [13,1] [14,1] [15,1] [16,1] [17,1] [18,1] [19,1] [20,1] [21,1] [22,1] [23,1] [24,1] [25,1] [26,1] [27,1] [28,1] [29,1] [30,1] [31,1] [32,1] [33,1] [34,1] [35,1] [36,1] [37,1] [38,1] [39,1] [40,1] [41,1] [42,1] [43,1] [44,1] [45,1] [46,1] [47,1] [48,1] [49,1] ]
[WARN]	-----------------------------CLIENT30------------------------------
[WARN]	0(0,0)  : NEW MESSAGE DELIVERED a 42.653978651569 ----> seq[[0,1] [1,1] [2,1] [3,1] [4,1] [5,1] [6,1] [7,1] [8,1] [9,1] [10,1] [11,1] [12,1] [13,1] [14,1] [15,1] [16,1] [17,1] [18,1] [19,1] [20,1] [21,1] [22,1] [23,1] [24,1] [25,1] [26,1] [27,1] [28,1] [29,1] [30,1] [31,1] [32,1] [33,1] [34,1] [35,1] [36,1] [37,1] [38,1] [39,1] [40,1] [41,1] [42,1] [43,1] [44,1] [45,1] [46,1] [47,1] [48,1] [49,1] ]
[WARN]	-----------------------------CLIENT31------------------------------
[WARN]	0(0,0)  : NEW MESSAGE DELIVERED a 42.086212598653 ----> seq[[0,1] [1,1] [2,1] [3,1] [4,1] [5,1] [6,1] [7,1] [8,1] [9,1] [10,1] [11,1] [12,1] [13,1] [14,1] [15,1] [16,1] [17,1] [18,1] [19,1] [20,1] [21,1] [22,1] [23,1] [24,1] [25,1] [26,1] [27,1] [28,1] [29,1] [30,1] [31,1] [32,1] [33,1] [34,1] [35,1] [36,1] [37,1] [38,1] [39,1] [40,1] [41,1] [42,1] [43,1] [44,1] [45,1] [46,1] [47,1] [48,1] [49,1] ]
[WARN]	-----------------------------CLIENT32------------------------------
[WARN]	0(0,0)  : NEW MESSAGE DELIVERED a 43.239656315074 ----> seq[[0,1] [1,1] [2,1] [3,1] [4,1] [5,1] [6,1] [7,1] [8,1] [9,1] [10,1] [11,1] [12,1] [13,1] [14,1] [15,1] [16,1] [17,1] [18,1] [19,1] [20,1] [21,1] [22,1] [23,1] [24,1] [25,1] [26,1] [27,1] [28,1] [29,1] [30,1] [31,1] [32,1] [33,1] [34,1] [35,1] [36,1] [37,1] [38,1] [39,1] [40,1] [41,1] [42,1] [43,1] [44,1] [45,1] [46,1] [47,1] [48,1] [49,1] ]
[WARN]	-----------------------------CLIENT33------------------------------
[WARN]	0(0,0)  : NEW MESSAGE DELIVERED a 43.351698328192 ----> seq[[0,1] [1,1] [2,1] [3,1] [4,1] [5,1] [6,1] [7,1] [8,1] [9,1] [10,1] [11,1] [12,1] [13,1] [14,1] [15,1] [16,1] [17,1] [18,1] [19,1] [20,1] [21,1] [22,1] [23,1] [24,1] [25,1] [26,1] [27,1] [28,1] [29,1] [30,1] [31,1] [32,1] [33,1] [34,1] [35,1] [36,1] [37,1] [38,1] [39,1] [40,1] [41,1] [42,1] [43,1] [44,1] [45,1] [46,1] [47,1] [48,1] [49,1] ]
[WARN]	-----------------------------CLIENT34------------------------------
[WARN]	0(0,0)  : NEW MESSAGE DELIVERED a 43.944193529338 ----> seq[[0,1] [1,1] [2,1] [3,1] [4,1] [5,1] [6,1] [7,1] [8,1] [9,1] [10,1] [11,1] [12,1] [13,1] [14,1] [15,1] [16,1] [17,1] [18,1] [19,1] [20,1] [21,1] [22,1] [23,1] [24,1] [25,1] [26,1] [27,1] [28,1] [29,1] [30,1] [31,1] [32,1] [33,1] [34,1] [35,1] [36,1] [37,1] [38,1] [39,1] [40,1] [41,1] [42,1] [43,1] [44,1] [45,1] [46,1] [47,1] [48,1] [49,1] ]
[WARN]	-----------------------------CLIENT35------------------------------
[WARN]	0(0,0)  : NEW MESSAGE DELIVERED a 44.617074781819 ----> seq[[0,1] [1,1] [2,1] [3,1] [4,1] [5,1] [6,1] [7,1] [8,1] [9,1] [10,1] [11,1] [12,1] [13,1] [14,1] [15,1] [16,1] [17,1] [18,1] [19,1] [20,1] [21,1] [22,1] [23,1] [24,1] [25,1] [26,1] [27,1] [28,1] [29,1] [30,1] [31,1] [32,1] [33,1] [34,1] [35,1] [36,1] [37,1] [38,1] [39,1] [40,1] [41,1] [42,1] [43,1] [44,1] [45,1] [46,1] [47,1] [48,1] [49,1] ]
[WARN]	-----------------------------CLIENT36------------------------------
[WARN]	0(0,0)  : NEW MESSAGE DELIVERED a 44.871239920532 ----> seq[[0,1] [1,1] [2,1] [3,1] [4,1] [5,1] [6,1] [7,1] [8,1] [9,1] [10,1] [11,1] [12,1] [13,1] [14,1] [15,1] [16,1] [17,1] [18,1] [19,1] [20,1] [21,1] [22,1] [23,1] [24,1] [25,1] [26,1] [27,1] [28,1] [29,1] [30,1] [31,1] [32,1] [33,1] [34,1] [35,1] [36,1] [37,1] [38,1] [39,1] [40,1] [41,1] [42,1] [43,1] [44,1] [45,1] [46,1] [47,1] [48,1] [49,1] ]
[WARN]	-----------------------------CLIENT37------------------------------
[WARN]	0(0,0)  : NEW MESSAGE DELIVERED a 45.490068952785 ----> seq[[0,1] [1,1] [2,1] [3,1] [4,1] [5,1] [6,1] [7,1] [8,1] [9,1] [10,1] [11,1] [12,1] [13,1] [14,1] [15,1] [16,1] [17,1] [18,1] [19,1] [20,1] [21,1] [22,1] [23,1] [24,1] [25,1] [26,1] [27,1] [28,1] [29,1] [30,1] [31,1] [32,1] [33,1] [34,1] [35,1] [36,1] [37,1] [38,1] [39,1] [40,1] [41,1] [42,1] [43,1] [44,1] [45,1] [46,1] [47,1] [48,1] [49,1] ]
[WARN]	-----------------------------CLIENT38------------------------------
[WARN]	0(0,0)  : NEW MESSAGE DELIVERED a 45.614025982722 ----> seq[[0,1] [1,1] [2,1] [3,1] [4,1] [5,1] [6,1] [7,1] [8,1] [9,1] [10,1] [11,1] [12,1] [13,1] [14,1] [15,1] [16,1] [17,1] [18,1] [19,1] [20,1] [21,1] [22,1] [23,1] [24,1] [25,1] [26,1] [27,1] [28,1] [29,1] [30,1] [31,1] [32,1] [33,1] [34,1] [35,1] [36,1] [37,1] [38,1] [39,1] [40,1] [41,1] [42,1] [43,1] [44,1] [45,1] [46,1] [47,1] [48,1] [49,1] ]
[WARN]	-----------------------------CLIENT39------------------------------
[WARN]	0(0,0)  : NEW MESSAGE DELIVERED a 46.307049451455 ----> seq[[0,1] [1,1] [2,1] [3,1] [4,1] [5,1] [6,1] [7,1] [8,1] [9,1] [10,1] [11,1] [12,1] [13,1] [14,1] [15,1] [16,1] [17,1] [18,1] [19,1] [20,1] [21,1] [22,1] [23,1] [24,1] [25,1] [26,1] [27,1] [28,1] [29,1] [30,1] [31,1] [32,1] [33,1] [34,1] [35,1] [36,1] [37,1] [38,1] [39,1] [40,1] [41,1] [42,1] [43,1] [44,1] [45,1] [46,1] [47,1] [48,1] [49,1] ]
[WARN]	-----------------------------CLIENT40------------------------------
[WARN]	0(0,0)  : NEW MESSAGE DELIVERED a 46.13655809564 ----> seq[[0,1] [1,1] [2,1] [3,1] [4,1] [5,1] [6,1] [7,1] [8,1] [9,1] [10,1] [11,1] [12,1] [13,1] [14,1] [15,1] [16,1] [17,1] [18,1] [19,1] [20,1] [21,1] [22,1] [23,1] [24,1] [25,1] [26,1] [27,1] [28,1] [29,1] [30,1] [31,1] [32,1] [33,1] [34,1] [35,1] [36,1] [37,1] [38,1] [39,1] [40,1] [41,1] [42,1] [43,1] [44,1] [45,1] [46,1] [47,1] [48,1] [49,1] ]
[WARN]	-----------------------------CLIENT41------------------------------
[WARN]	0(0,0)  : NEW MESSAGE DELIVERED a 46.60962334727 ----> seq[[0,1] [1,1] [2,1] [3,1] [4,1] [5,1] [6,1] [7,1] [8,1] [9,1] [10,1] [11,1] [12,1] [13,1] [14,1] [15,1] [16,1] [17,1] [18,1] [19,1] [20,1] [21,1] [22,1] [23,1] [24,1] [25,1] [26,1] [27,1] [28,1] [29,1] [30,1] [31,1] [32,1] [33,1] [34,1] [35,1] [36,1] [37,1] [38,1] [39,1] [40,1] [41,1] [42,1] [43,1] [44,1] [45,1] [46,1] [47,1] [48,1] [49,1] ]
[WARN]	-----------------------------CLIENT42------------------------------
[WARN]	0(0,0)  : NEW MESSAGE DELIVERED a 46.932767696766 ----> seq[[0,1] [1,1] [2,1] [3,1] [4,1] [5,1] [6,1] [7,1] [8,1] [9,1] [10,1] [11,1] [12,1] [13,1] [14,1] [15,1] [16,1] [17,1] [18,1] [19,1] [20,1] [21,1] [22,1] [23,1] [24,1] [25,1] [26,1] [27,1] [28,1] [29,1] [30,1] [31,1] [32,1] [33,1] [34,1] [35,1] [36,1] [37,1] [38,1] [39,1] [40,1] [41,1] [42,1] [43,1] [44,1] [45,1] [46,1] [47,1] [48,1] [49,1] ]
[WARN]	-----------------------------CLIENT43------------------------------
[WARN]	0(0,0)  : NEW MESSAGE DELIVERED a 47.421731906364 ----> seq[[0,1] [1,1] [2,1] [3,1] [4,1] [5,1] [6,1] [7,1] [8,1] [9,1] [10,1] [11,1] [12,1] [13,1] [14,1] [15,1] [16,1] [17,1] [18,1] [19,1] [20,1] [21,1] [22,1] [23,1] [24,1] [25,1] [26,1] [27,1] [28,1] [29,1] [30,1] [31,1] [32,1] [33,1] [34,1] [35,1] [36,1] [37,1] [38,1] [39,1] [40,1] [41,1] [42,1] [43,1] [44,1] [45,1] [46,1] [47,1] [48,1] [49,1] ]
[WARN]	-----------------------------CLIENT44------------------------------
[WARN]	0(0,0)  : NEW MESSAGE DELIVERED a 47.875459742299 ----> seq[[0,1] [1,1] [2,1] [3,1] [4,1] [5,1] [6,1] [7,1] [8,1] [9,1] [10,1] [11,1] [12,1] [13,1] [14,1] [15,1] [16,1] [17,1] [18,1] [19,1] [20,1] [21,1] [22,1] [23,1] [24,1] [25,1] [26,1] [27,1] [28,1] [29,1] [30,1] [31,1] [32,1] [33,1] [34,1] [35,1] [36,1] [37,1] [38,1] [39,1] [40,1] [41,1] [42,1] [43,1] [44,1] [45,1] [46,1] [47,1] [48,1] [49,1] ]
[WARN]	-----------------------------CLIENT45------------------------------
[WARN]	0(0,0)  : NEW MESSAGE DELIVERED a 48.34943966112 ----> seq[[0,1] [1,1] [2,1] [3,1] [4,1] [5,1] [6,1] [7,1] [8,1] [9,1] [10,1] [11,1] [12,1] [13,1] [14,1] [15,1] [16,1] [17,1] [18,1] [19,1] [20,1] [21,1] [22,1] [23,1] [24,1] [25,1] [26,1] [27,1] [28,1] [29,1] [30,1] [31,1] [32,1] [33,1] [34,1] [35,1] [36,1] [37,1] [38,1] [39,1] [40,1] [41,1] [42,1] [43,1] [44,1] [45,1] [46,1] [47,1] [48,1] [49,1] ]
[WARN]	-----------------------------CLIENT46------------------------------
[WARN]	0(0,0)  : NEW MESSAGE DELIVERED a 47.948081884819 ----> seq[[0,1] [1,1] [2,1] [3,1] [4,1] [5,1] [6,1] [7,1] [8,1] [9,1] [10,1] [11,1] [12,1] [13,1] [14,1] [15,1] [16,1] [17,1] [18,1] [19,1] [20,1] [21,1] [22,1] [23,1] [24,1] [25,1] [26,1] [27,1] [28,1] [29,1] [30,1] [31,1] [32,1] [33,1] [34,1] [35,1] [36,1] [37,1] [38,1] [39,1] [40,1] [41,1] [42,1] [43,1] [44,1] [45,1] [46,1] [47,1] [48,1] [49,1] ]
[WARN]	-----------------------------CLIENT47------------------------------
[WARN]	0(0,0)  : NEW MESSAGE DELIVERED a 48.022635551619 ----> seq[[0,1] [1,1] [2,1] [3,1] [4,1] [5,1] [6,1] [7,1] [8,1] [9,1] [10,1] [11,1] [12,1] [13,1] [14,1] [15,1] [16,1] [17,1] [18,1] [19,1] [20,1] [21,1] [22,1] [23,1] [24,1] [25,1] [26,1] [27,1] [28,1] [29,1] [30,1] [31,1] [32,1] [33,1] [34,1] [35,1] [36,1] [37,1] [38,1] [39,1] [40,1] [41,1] [42,1] [43,1] [44,1] [45,1] [46,1] [47,1] [48,1] [49,1] ]
[WARN]	-----------------------------CLIENT48------------------------------
[WARN]	0(0,0)  : NEW MESSAGE DELIVERED a 49.31139863643 ----> seq[[0,1] [1,1] [2,1] [3,1] [4,1] [5,1] [6,1] [7,1] [8,1] [9,1] [10,1] [11,1] [12,1] [13,1] [14,1] [15,1] [16,1] [17,1] [18,1] [19,1] [20,1] [21,1] [22,1] [23,1] [24,1] [25,1] [26,1] [27,1] [28,1] [29,1] [30,1] [31,1] [32,1] [33,1] [34,1] [35,1] [36,1] [37,1] [38,1] [39,1] [40,1] [41,1] [42,1] [43,1] [44,1] [45,1] [46,1] [47,1] [48,1] [49,1] ]
[WARN]	-----------------------------CLIENT49------------------------------
[WARN]	0(0,0)  : NEW MESSAGE DELIVERED a 49.889626731771 ----> seq[[0,1] [1,1] [2,1] [3,1] [4,1] [5,1] [6,1] [7,1] [8,1] [9,1] [10,1] [11,1] [12,1] [13,1] [14,1] [15,1] [16,1] [17,1] [18,1] [19,1] [20,1] [21,1] [22,1] [23,1] [24,1] [25,1] [26,1] [27,1] [28,1] [29,1] [30,1] [31,1] [32,1] [33,1] [34,1] [35,1] [36,1] [37,1] [38,1] [39,1] [40,1] [41,1] [42,1] [43,1] [44,1] [45,1] [46,1] [47,1] [48,1] [49,1] ]
